<?xml version="1.0" encoding="UTF-8"?>
<!-- Generated by org.testng.reporters.JUnitReportReporter -->
<testsuite hostname="LAPTOP-9050GGJE" failures="0" tests="1" name="Testcases.MyFirstTest" time="4.311" errors="0" timestamp="2025-08-10T13:59:22 IST" skipped="0">
  <testcase classname="Testcases.MyFirstTest" name="testCaseNumber1" time="4.311"/>
</testsuite> <!-- Testcases.MyFirstTest -->
